16:41:14 **** Incremental Build of configuration Debug for project hello ****
make all 
'Building file: ../main.c'
'Invoking: GCC C Compiler 4 [arm-linux-gnueabihf]'
arm-linux-gnueabihf-gcc -I"D:\intelFPGA\18.1\embedded\ip\altera\hps\altera_hps\hwlib\include\soc_cv_av" -I"D:\intelFPGA\18.1\embedded\ip\altera\hps\altera_hps\hwlib\include" -I"E:\2019InnovateFPGA\CODE_Project\Software\hello\hello\inc" -O0 -g -Wall -c -fmessage-length=0 -MMD -MP -MF"main.d" -MT"main.o" -o "main.o" "../main.c"
In file included from ../main.c:29:0:
E:\2019InnovateFPGA\CODE_Project\Software\hello\hello\inc/../inc/led.h:14:1: warning: parameter names (without types) in function declaration [enabled by default]
 void LED_OFF(viod);
 ^
../main.c: In function 'main':
../main.c:50:2: warning: passing argument 1 of 'fpga_init' from incompatible pointer type [enabled by default]
  fd = fpga_init(&virtual_base);
  ^
In file included from ../main.c:28:0:
E:\2019InnovateFPGA\CODE_Project\Software\hello\hello\inc/../inc/mpu.h:19:5: note: expected 'long int *' but argument is of type 'int *'
 int fpga_init(long int *virtual_base);
     ^
../main.c:97:2: warning: passing argument 1 of 'uart_scanf' from incompatible pointer type [enabled by default]
  uart_scanf(&rx_buf); //接受一行数组到rx_buf中
  ^
In file included from ../main.c:31:0:
E:\2019InnovateFPGA\CODE_Project\Software\hello\hello\inc/../inc/uart.h:15:5: note: expected 'char *' but argument is of type 'char (*)[128]'
 int uart_scanf(char *p);    //字符串接收
     ^
../main.c:102:2: warning: passing argument 1 of 'munmap' makes pointer from integer without a cast [enabled by default]
  if (munmap(virtual_base, HW_REGS_SPAN) != 0) {
  ^
In file included from ../main.c:12:0:
d:\intelfpga\18.1\embedded\ds-5\sw\gcc\arm-linux-gnueabihf\libc\usr\include\sys\mman.h:76:12: note: expected 'void *' but argument is of type 'int'
 extern int munmap (void *__addr, size_t __len) __THROW;
            ^
../main.c:47:25: warning: unused variable 'led1' [-Wunused-variable]
  unsigned int led0 = 1, led1 = 1;
                         ^
'Finished building: ../main.c'
' '
'Building target: hello'
'Invoking: GCC C Linker 4 [arm-linux-gnueabihf]'
arm-linux-gnueabihf-gcc  -o "hello"  ./src/button.o ./src/led.o ./src/mpu.o ./src/uart.o  ./main.o   
'Finished building target: hello'
' '

16:41:15 Build Finished (took 1s.51ms)

